#
# A fatal error has been detected by the Java Runtime Environment:
#
#  EXCEPTION_ACCESS_VIOLATION (0xc0000005) at pc=0x000000006d8e9550, pid=10692, tid=0x00000000000054d4
#
# JRE version: Java(TM) SE Runtime Environment (8.0_192-b12) (build 1.8.0_192-b12)
# Java VM: Java HotSpot(TM) 64-Bit Server VM (25.192-b12 mixed mode windows-amd64 compressed oops)
# Problematic frame:
# C  [nvoglv64.dll+0x9d9550]
#
# Failed to write core dump. Minidumps are not enabled by default on client versions of Windows
#
# If you would like to submit a bug report, please visit:
#   http://bugreport.java.com/bugreport/crash.jsp
# The crash happened outside the Java Virtual Machine in native code.
# See problematic frame for where to report the bug.
#

---------------  T H R E A D  ---------------

Current thread (0x0000000002f85000):  JavaThread "main" [_thread_in_native, id=21716, stack(0x0000000002e60000,0x0000000002f60000)]

siginfo: ExceptionCode=0xc0000005, reading address 0x0000000000000000

Registers:
RAX=0x0000000000000006, RBX=0x000000002b3d55b8, RCX=0x000000002bb6bd78, RDX=0x0000000000000000
RSP=0x0000000002f5eec0, RBP=0x0000000000000001, RSI=0x0000000000000006, RDI=0x000000002bb6bd78
R8 =0x0000000000000002, R9 =0xffffffffd4494288, R10=0x0000000000000000, R11=0x0000000000000006
R12=0x0000000000000000, R13=0x000000006cf10000, R14=0x0000000000000000, R15=0x000000002b3d5338
RIP=0x000000006d8e9550, EFLAGS=0x0000000000010297

Top of Stack: (sp=0x0000000002f5eec0)
0x0000000002f5eec0:   0000000025e89168 0000000002f5f010
0x0000000002f5eed0:   0000000002f7e6c0 000000006d75ce1b
0x0000000002f5eee0:   0000000002f85000 0000000000000006
0x0000000002f5eef0:   0000000000000000 000000000002010b
0x0000000002f5ef00:   000000002b3d5338 000000006d8ea234
0x0000000002f5ef10:   000000002b3d3080 0000000000000001
0x0000000002f5ef20:   0000000000000000 0000000003098ad7
0x0000000002f5ef30:   0000000002f85000 0000000002f5f010
0x0000000002f5ef40:   0000000025e89160 0000000000000000
0x0000000002f5ef50:   000000000308835d 0000000003098c67
0x0000000002f5ef60:   0000000025e89168 0000000002f5efe0
0x0000000002f5ef70:   00000000292df477 0000000025e89168
0x0000000002f5ef80:   0000000000000006 0000000002f85000
0x0000000002f5ef90:   0000000002f5f078 0000000003098962
0x0000000002f5efa0:   0000000002f5efa0 0000000025e89160
0x0000000002f5efb0:   0000000002f5f010 0000000025e93ab8 

Instructions: (pc=0x000000006d8e9550)
0x000000006d8e9530:   f6 0f 8e 23 01 00 00 44 8b 43 08 4c 8b de 66 90
0x000000006d8e9540:   33 d2 45 85 c0 7e 1e 4d 8b ca 48 8b cf 4c 2b cf
0x000000006d8e9550:   42 8b 04 09 ff c2 89 01 48 8d 49 04 44 8b 43 08
0x000000006d8e9560:   41 3b d0 7c eb 48 63 43 10 4c 03 d0 48 63 43 18 


Register to memory mapping:

RAX=0x0000000000000006 is an unknown value
RBX=0x000000002b3d55b8 is an unknown value
RCX=0x000000002bb6bd78 is an unknown value
RDX=0x0000000000000000 is an unknown value
RSP=0x0000000002f5eec0 is pointing into the stack for thread: 0x0000000002f85000
RBP=0x0000000000000001 is an unknown value
RSI=0x0000000000000006 is an unknown value
RDI=0x000000002bb6bd78 is an unknown value
R8 =0x0000000000000002 is an unknown value
R9 =0xffffffffd4494288 is an unknown value
R10=0x0000000000000000 is an unknown value
R11=0x0000000000000006 is an unknown value
R12=0x0000000000000000 is an unknown value
R13=0x000000006cf10000 is an unknown value
R14=0x0000000000000000 is an unknown value
R15=0x000000002b3d5338 is an unknown value


Stack: [0x0000000002e60000,0x0000000002f60000],  sp=0x0000000002f5eec0,  free space=1019k
Native frames: (J=compiled Java code, j=interpreted, Vv=VM code, C=native code)
C  [nvoglv64.dll+0x9d9550]
C  [nvoglv64.dll+0x9da234]
C  0x0000000003098c67

Java frames: (J=compiled Java code, j=interpreted, Vv=VM code)
j  org.lwjgl.opengl.GL11C.glDrawArrays(III)V+0
j  org.lwjgl.opengl.GL11.glDrawArrays(III)V+3
j  com.prpg.sdl.main.Renderer.loop()V+124
j  com.prpg.sdl.main.Main.main([Ljava/lang/String;)V+3
v  ~StubRoutines::call_stub

---------------  P R O C E S S  ---------------

Java Threads: ( => current thread )
  0x00000000280c7800 JavaThread "Service Thread" daemon [_thread_blocked, id=19536, stack(0x0000000028bf0000,0x0000000028cf0000)]
  0x000000002803d800 JavaThread "C1 CompilerThread3" daemon [_thread_blocked, id=19144, stack(0x0000000028af0000,0x0000000028bf0000)]
  0x0000000028032000 JavaThread "C2 CompilerThread2" daemon [_thread_in_native, id=14052, stack(0x00000000289f0000,0x0000000028af0000)]
  0x000000002802b800 JavaThread "C2 CompilerThread1" daemon [_thread_blocked, id=19480, stack(0x00000000288f0000,0x00000000289f0000)]
  0x000000002801d800 JavaThread "C2 CompilerThread0" daemon [_thread_blocked, id=11288, stack(0x00000000287f0000,0x00000000288f0000)]
  0x000000002801b800 JavaThread "Attach Listener" daemon [_thread_blocked, id=10856, stack(0x00000000286f0000,0x00000000287f0000)]
  0x000000002801a800 JavaThread "Signal Dispatcher" daemon [_thread_blocked, id=15936, stack(0x00000000285f0000,0x00000000286f0000)]
  0x0000000028010800 JavaThread "Finalizer" daemon [_thread_blocked, id=10808, stack(0x00000000283f0000,0x00000000284f0000)]
  0x000000000307b000 JavaThread "Reference Handler" daemon [_thread_blocked, id=16052, stack(0x0000000027ef0000,0x0000000027ff0000)]
=>0x0000000002f85000 JavaThread "main" [_thread_in_native, id=21716, stack(0x0000000002e60000,0x0000000002f60000)]

Other Threads:
  0x00000000260d9000 VMThread [stack: 0x0000000027df0000,0x0000000027ef0000] [id=5812]
  0x00000000280d1000 WatcherThread [stack: 0x0000000028cf0000,0x0000000028df0000] [id=14928]

VM state:not at safepoint (normal execution)

VM Mutex/Monitor currently owned by a thread: None

heap address: 0x00000005c1400000, size: 8172 MB, Compressed Oops mode: Zero based, Oop shift amount: 3
Narrow klass base: 0x0000000000000000, Narrow klass shift: 3
Compressed class space size: 1073741824 Address: 0x00000007c0000000

Heap:
 PSYoungGen      total 153088K, used 31780K [0x0000000715c00000, 0x0000000720680000, 0x00000007c0000000)
  eden space 131584K, 24% used [0x0000000715c00000,0x0000000717b09140,0x000000071dc80000)
  from space 21504K, 0% used [0x000000071f180000,0x000000071f180000,0x0000000720680000)
  to   space 21504K, 0% used [0x000000071dc80000,0x000000071dc80000,0x000000071f180000)
 ParOldGen       total 349696K, used 0K [0x00000005c1400000, 0x00000005d6980000, 0x0000000715c00000)
  object space 349696K, 0% used [0x00000005c1400000,0x00000005c1400000,0x00000005d6980000)
 Metaspace       used 10350K, capacity 10537K, committed 10752K, reserved 1058816K
  class space    used 817K, capacity 906K, committed 1024K, reserved 1048576K

Card table byte_map: [0x0000000012440000,0x0000000013440000] byte_map_base: 0x000000000f636000

Marking Bits: (ParMarkBitMap*) 0x000000006fe93ce0
 Begin Bits: [0x00000000146f0000, 0x000000001c6a0000)
 End Bits:   [0x000000001c6a0000, 0x0000000024650000)

Polling page: 0x0000000001190000

CodeCache: size=245760Kb used=3178Kb max_used=3178Kb free=242581Kb
 bounds [0x0000000003080000, 0x00000000033a0000, 0x0000000012080000]
 total_blobs=1665 nmethods=722 adapters=856
 compilation: enabled

Compilation events (10 events):
Event: 1.079 Thread 0x000000002803d800  716       3       java.util.StringTokenizer::nextToken (92 bytes)
Event: 1.079 Thread 0x000000002803d800 nmethod 716 0x0000000003396710 code [0x00000000033968c0, 0x0000000003396cb8]
Event: 1.084 Thread 0x000000002803d800  717       1       java.lang.reflect.Field::getName (5 bytes)
Event: 1.084 Thread 0x000000002803d800 nmethod 717 0x0000000003396e10 code [0x0000000003396f60, 0x0000000003397070]
Event: 1.084 Thread 0x000000002803d800  718       3       java.lang.StringBuffer::<init> (7 bytes)
Event: 1.084 Thread 0x000000002803d800 nmethod 718 0x00000000033970d0 code [0x0000000003397240, 0x00000000033974f0]
Event: 1.104 Thread 0x000000002803d800  721   !   3       java.util.zip.ZipFile::getInflater (56 bytes)
Event: 1.104 Thread 0x000000002803d800 nmethod 721 0x0000000003399650 code [0x0000000003399840, 0x000000000339a438]
Event: 1.104 Thread 0x000000002803d800  722       3       java.util.zip.InflaterInputStream::<init> (79 bytes)
Event: 1.104 Thread 0x000000002803d800 nmethod 722 0x000000000339aa90 code [0x000000000339ac40, 0x000000000339b338]

GC Heap History (0 events):
No events

Deoptimization events (2 events):
Event: 0.128 Thread 0x0000000002f85000 Uncommon trap: reason=unstable_if action=reinterpret pc=0x000000000323d6f0 method=java.lang.String.indexOf([CII[CIII)I @ 134
Event: 0.161 Thread 0x0000000002f85000 Uncommon trap: reason=unstable_if action=reinterpret pc=0x000000000329251c method=java.util.HashMap.getNode(ILjava/lang/Object;)Ljava/util/HashMap$Node; @ 116

Classes redefined (0 events):
No events

Internal exceptions (10 events):
Event: 0.022 Thread 0x0000000002f85000 Exception <a 'java/lang/NoSuchMethodError': Method sun.misc.Unsafe.prefetchRead(Ljava/lang/Object;J)V name or signature does not match> (0x0000000715c07f98) thrown at [C:\workspace\8-2-build-windows-amd64-cygwin\jdk8u192\11897\hotspot\src\share\vm\prims\j
Event: 0.107 Thread 0x0000000002f85000 Exception <a 'java/lang/NoSuchMethodError': java.lang.Object.lambda$static$0(Ljava/lang/String;)Ljava/lang/Boolean;> (0x0000000716321e90) thrown at [C:\workspace\8-2-build-windows-amd64-cygwin\jdk8u192\11897\hotspot\src\share\vm\interpreter\linkResolver.c
Event: 0.113 Thread 0x0000000002f85000 Exception <a 'java/lang/NoSuchFieldError': method resolution failed> (0x0000000716399d78) thrown at [C:\workspace\8-2-build-windows-amd64-cygwin\jdk8u192\11897\hotspot\src\share\vm\prims\methodHandles.cpp, line 1167]
Event: 0.114 Thread 0x0000000002f85000 Exception <a 'java/lang/NoSuchFieldError': method resolution failed> (0x00000007163a7118) thrown at [C:\workspace\8-2-build-windows-amd64-cygwin\jdk8u192\11897\hotspot\src\share\vm\prims\methodHandles.cpp, line 1167]
Event: 0.141 Thread 0x0000000002f85000 Exception <a 'java/security/PrivilegedActionException'> (0x000000071655d920) thrown at [C:\workspace\8-2-build-windows-amd64-cygwin\jdk8u192\11897\hotspot\src\share\vm\prims\jvm.cpp, line 1435]
Event: 0.141 Thread 0x0000000002f85000 Exception <a 'java/security/PrivilegedActionException'> (0x000000071655db30) thrown at [C:\workspace\8-2-build-windows-amd64-cygwin\jdk8u192\11897\hotspot\src\share\vm\prims\jvm.cpp, line 1435]
Event: 0.142 Thread 0x0000000002f85000 Exception <a 'java/security/PrivilegedActionException'> (0x00000007165617a0) thrown at [C:\workspace\8-2-build-windows-amd64-cygwin\jdk8u192\11897\hotspot\src\share\vm\prims\jvm.cpp, line 1435]
Event: 0.142 Thread 0x0000000002f85000 Exception <a 'java/security/PrivilegedActionException'> (0x00000007165619b0) thrown at [C:\workspace\8-2-build-windows-amd64-cygwin\jdk8u192\11897\hotspot\src\share\vm\prims\jvm.cpp, line 1435]
Event: 0.902 Thread 0x0000000002f85000 Exception <a 'sun/nio/fs/WindowsException'> (0x000000071695cd08) thrown at [C:\workspace\8-2-build-windows-amd64-cygwin\jdk8u192\11897\hotspot\src\share\vm\prims\jni.cpp, line 709]
Event: 0.902 Thread 0x0000000002f85000 Exception <a 'sun/nio/fs/WindowsException'> (0x000000071695d550) thrown at [C:\workspace\8-2-build-windows-amd64-cygwin\jdk8u192\11897\hotspot\src\share\vm\prims\jni.cpp, line 709]

Events (10 events):
Event: 1.104 loading class org/joml/Vector2dc
Event: 1.104 loading class org/joml/Vector2dc done
Event: 1.104 loading class org/joml/Vector2i
Event: 1.104 loading class org/joml/Vector2i done
Event: 1.105 loading class org/joml/Vector2ic
Event: 1.105 loading class org/joml/Vector2ic done
Event: 1.105 loading class org/joml/Quaternionf
Event: 1.105 loading class org/joml/Quaternionf done
Event: 1.105 loading class org/joml/Quaternionfc
Event: 1.106 loading class org/joml/Quaternionfc done


Dynamic libraries:
0x00007ff62b150000 - 0x00007ff62b187000 	C:\Program Files\Java\jre1.8.0_192\bin\javaw.exe
0x00007ffe8b1a0000 - 0x00007ffe8b390000 	C:\WINDOWS\SYSTEM32\ntdll.dll
0x00007ffe8aef0000 - 0x00007ffe8afa2000 	C:\WINDOWS\System32\KERNEL32.DLL
0x00007ffe88cb0000 - 0x00007ffe88f54000 	C:\WINDOWS\System32\KERNELBASE.dll
0x00007ffe8a390000 - 0x00007ffe8a433000 	C:\WINDOWS\System32\ADVAPI32.dll
0x00007ffe8ae50000 - 0x00007ffe8aeee000 	C:\WINDOWS\System32\msvcrt.dll
0x00007ffe8a2f0000 - 0x00007ffe8a387000 	C:\WINDOWS\System32\sechost.dll
0x00007ffe8a0d0000 - 0x00007ffe8a1f0000 	C:\WINDOWS\System32\RPCRT4.dll
0x00007ffe89b30000 - 0x00007ffe89cc4000 	C:\WINDOWS\System32\USER32.dll
0x00007ffe88bd0000 - 0x00007ffe88bf1000 	C:\WINDOWS\System32\win32u.dll
0x00007ffe89e60000 - 0x00007ffe89e86000 	C:\WINDOWS\System32\GDI32.dll
0x00007ffe88150000 - 0x00007ffe882e6000 	C:\WINDOWS\System32\gdi32full.dll
0x00007ffe89190000 - 0x00007ffe8922e000 	C:\WINDOWS\System32\msvcp_win.dll
0x00007ffe88340000 - 0x00007ffe8843a000 	C:\WINDOWS\System32\ucrtbase.dll
0x00007ffe7ed10000 - 0x00007ffe7ef94000 	C:\WINDOWS\WinSxS\amd64_microsoft.windows.common-controls_6595b64144ccf1df_6.0.18362.959_none_e6c7bbbf130c62bb\COMCTL32.dll
0x00007ffe89320000 - 0x00007ffe89655000 	C:\WINDOWS\System32\combase.dll
0x00007ffe88f60000 - 0x00007ffe88fe0000 	C:\WINDOWS\System32\bcryptPrimitives.dll
0x00007ffe8a020000 - 0x00007ffe8a04e000 	C:\WINDOWS\System32\IMM32.DLL
0x000000006ff20000 - 0x000000006fff1000 	C:\Program Files\Java\jre1.8.0_192\bin\msvcr100.dll
0x000000006f670000 - 0x000000006ff13000 	C:\Program Files\Java\jre1.8.0_192\bin\server\jvm.dll
0x00007ffe89e50000 - 0x00007ffe89e58000 	C:\WINDOWS\System32\PSAPI.DLL
0x00007ffe65cc0000 - 0x00007ffe65cc9000 	C:\WINDOWS\SYSTEM32\WSOCK32.dll
0x00007ffe85fa0000 - 0x00007ffe85fc4000 	C:\WINDOWS\SYSTEM32\WINMM.dll
0x00007ffe831d0000 - 0x00007ffe831da000 	C:\WINDOWS\SYSTEM32\VERSION.dll
0x00007ffe8a280000 - 0x00007ffe8a2ef000 	C:\WINDOWS\System32\WS2_32.dll
0x00007ffe85d30000 - 0x00007ffe85d5d000 	C:\WINDOWS\SYSTEM32\winmmbase.dll
0x00007ffe882f0000 - 0x00007ffe8833a000 	C:\WINDOWS\System32\cfgmgr32.dll
0x00007ffe85e00000 - 0x00007ffe85e0f000 	C:\Program Files\Java\jre1.8.0_192\bin\verify.dll
0x00007ffe7b200000 - 0x00007ffe7b229000 	C:\Program Files\Java\jre1.8.0_192\bin\java.dll
0x00007ffe76380000 - 0x00007ffe76396000 	C:\Program Files\Java\jre1.8.0_192\bin\zip.dll
0x00007ffe8a4a0000 - 0x00007ffe8ab86000 	C:\WINDOWS\System32\SHELL32.dll
0x00007ffe89da0000 - 0x00007ffe89e49000 	C:\WINDOWS\System32\shcore.dll
0x00007ffe88440000 - 0x00007ffe88bc2000 	C:\WINDOWS\System32\windows.storage.dll
0x00007ffe880f0000 - 0x00007ffe88113000 	C:\WINDOWS\System32\profapi.dll
0x00007ffe88080000 - 0x00007ffe880ca000 	C:\WINDOWS\System32\powrprof.dll
0x00007ffe88050000 - 0x00007ffe88060000 	C:\WINDOWS\System32\UMPDC.dll
0x00007ffe8acb0000 - 0x00007ffe8ad02000 	C:\WINDOWS\System32\shlwapi.dll
0x00007ffe88060000 - 0x00007ffe88071000 	C:\WINDOWS\System32\kernel.appcore.dll
0x00007ffe89230000 - 0x00007ffe89247000 	C:\WINDOWS\System32\cryptsp.dll
0x00007ffe75550000 - 0x00007ffe7556a000 	C:\Program Files\Java\jre1.8.0_192\bin\net.dll
0x00007ffe878c0000 - 0x00007ffe87927000 	C:\WINDOWS\system32\mswsock.dll
0x00007ffe750f0000 - 0x00007ffe75101000 	C:\Program Files\Java\jre1.8.0_192\bin\nio.dll
0x00007ffe4d760000 - 0x00007ffe4d7d2000 	C:\Users\Kyle Karnitz\AppData\Local\Temp\lwjglKyle Karnitz\3.2.2-build-10\lwjgl.dll
0x00007ffe734e0000 - 0x00007ffe7353e000 	C:\Users\KYLEKA~1\AppData\Local\Temp\lwjglKyle Karnitz\3.2.2-build-10\glfw.dll
0x00007ffe11740000 - 0x00007ffe11991000 	C:\Users\KYLEKA~1\AppData\Local\Temp\lwjglKyle Karnitz\3.2.2-build-10\jemalloc.dll
0x00007ffe86320000 - 0x00007ffe863b9000 	C:\WINDOWS\system32\uxtheme.dll
0x00007ffe73400000 - 0x00007ffe73443000 	C:\WINDOWS\SYSTEM32\dinput8.dll
0x00007ffe76550000 - 0x00007ffe76561000 	C:\WINDOWS\SYSTEM32\xinput1_4.dll
0x00007ffe87e70000 - 0x00007ffe87e9a000 	C:\WINDOWS\SYSTEM32\DEVOBJ.dll
0x00007ffe867f0000 - 0x00007ffe8681d000 	C:\WINDOWS\SYSTEM32\dwmapi.dll
0x00007ffe66320000 - 0x00007ffe6643b000 	C:\WINDOWS\SYSTEM32\inputhost.dll
0x00007ffe856c0000 - 0x00007ffe85794000 	C:\WINDOWS\SYSTEM32\CoreMessaging.dll
0x00007ffe83350000 - 0x00007ffe834a3000 	C:\WINDOWS\SYSTEM32\wintypes.dll
0x00007ffe82350000 - 0x00007ffe8267a000 	C:\WINDOWS\SYSTEM32\CoreUIComponents.dll
0x00007ffe839d0000 - 0x00007ffe83ac0000 	C:\WINDOWS\SYSTEM32\PROPSYS.dll
0x00007ffe89250000 - 0x00007ffe89315000 	C:\WINDOWS\System32\OLEAUT32.dll
0x00007ffe870b0000 - 0x00007ffe870e1000 	C:\WINDOWS\SYSTEM32\ntmarta.dll
0x00007ffe8ad10000 - 0x00007ffe8ae45000 	C:\WINDOWS\System32\MSCTF.dll
0x00007ffe37560000 - 0x00007ffe3765b000 	C:\ProgramData\A-Volute\A-Volute.28054DF1F58B4\Modules\ScheduledModules\x64\A-Volute.SonicRadar3DevProps2.dll
0x00007ffe89e90000 - 0x00007ffe89fe7000 	C:\WINDOWS\System32\ole32.dll
0x00007ffe40ef0000 - 0x00007ffe40feb000 	C:\ProgramData\A-Volute\A-Volute.SonicStudio3\Modules\ScheduledModules\x64\A-Volute.SonicStudio3DevProps2.dll
0x00007ffe41c40000 - 0x00007ffe41cec000 	C:\ProgramData\A-Volute\A-Volute.28054DF1F58B4\Modules\ScheduledModules\x64\NahimicOSD.dll
0x00007ffe861a0000 - 0x00007ffe861c0000 	C:\ProgramData\A-Volute\A-Volute.28054DF1F58B4\Modules\ScheduledModules\x64\ProductInfo.dll
0x00007ffe86c60000 - 0x00007ffe86c6e000 	C:\WINDOWS\SYSTEM32\HID.DLL
0x00007ffe89660000 - 0x00007ffe89ad0000 	C:\WINDOWS\System32\SETUPAPI.DLL
0x00007ffe88120000 - 0x00007ffe88146000 	C:\WINDOWS\System32\bcrypt.dll
0x000000002a9d0000 - 0x000000002aa2c000 	C:\WINDOWS\System32\WINTRUST.dll
0x00007ffe880d0000 - 0x00007ffe880e2000 	C:\WINDOWS\System32\MSASN1.dll
0x00007ffe88fe0000 - 0x00007ffe89129000 	C:\WINDOWS\System32\CRYPT32.dll
0x00007ffe6c330000 - 0x00007ffe6c486000 	C:\WINDOWS\SYSTEM32\opengl32.dll
0x00007ffe761a0000 - 0x00007ffe761cc000 	C:\WINDOWS\SYSTEM32\GLU32.dll
0x00007ffe86d30000 - 0x00007ffe86d50000 	C:\WINDOWS\SYSTEM32\dxcore.dll
0x000000006cf10000 - 0x000000006f661000 	C:\WINDOWS\System32\DriverStore\FileRepository\nv_dispi.inf_amd64_db678424d2641c3d\nvoglv64.dll
0x00007ffe844f0000 - 0x00007ffe84503000 	C:\WINDOWS\SYSTEM32\WTSAPI32.dll
0x00007ffe3f630000 - 0x00007ffe3f8f4000 	C:\WINDOWS\system32\nvspcap64.dll
0x00007ffe87120000 - 0x00007ffe87176000 	C:\WINDOWS\SYSTEM32\WINSTA.dll
0x00007ffe807f0000 - 0x00007ffe809b7000 	C:\WINDOWS\SYSTEM32\d3d9.dll
0x00007ffe89ff0000 - 0x00007ffe8a00d000 	C:\WINDOWS\System32\imagehlp.dll
0x00007ffe87430000 - 0x00007ffe87463000 	C:\WINDOWS\system32\rsaenh.dll
0x00007ffe87a90000 - 0x00007ffe87a9c000 	C:\WINDOWS\SYSTEM32\CRYPTBASE.dll
0x00007ffe66440000 - 0x00007ffe664de000 	C:\WINDOWS\System32\TextInputFramework.dll
0x00007ffe79490000 - 0x00007ffe79736000 	C:\WINDOWS\System32\iertutil.dll
0x00007ffe722f0000 - 0x00007ffe72348000 	C:\Users\Kyle Karnitz\AppData\Local\Temp\lwjglKyle Karnitz\3.2.2-build-10\lwjgl_opengl.dll
0x00007ffe74ed0000 - 0x00007ffe750c4000 	C:\WINDOWS\SYSTEM32\dbghelp.dll

VM Arguments:
jvm_args: -Dfile.encoding=Cp1252 
java_command: com.prpg.sdl.main.Main
java_class_path (initial): Z:\User\Documents\EclipseProjects\ProRPG\bin;Z:\User\Documents\EclipseProjects\Terrilla\lib\jjson\jjson-0.1.8-SNAPSHOT.jar;Z:\User\Documents\EclipseProjects\Terrilla\lib\luaj\luaj-jse-3.0.1.jar;Z:\User\Documents\EclipseProjects\Terrilla\lib\lwjgl\lwjgl-natives-windows\lwjgl-assimp-natives-windows.jar;Z:\User\Documents\EclipseProjects\Terrilla\lib\lwjgl\lwjgl-natives-windows\lwjgl-bgfx-natives-windows.jar;Z:\User\Documents\EclipseProjects\Terrilla\lib\lwjgl\lwjgl-natives-windows\lwjgl-glfw-natives-windows.jar;Z:\User\Documents\EclipseProjects\Terrilla\lib\lwjgl\lwjgl-natives-windows\lwjgl-jemalloc-natives-windows.jar;Z:\User\Documents\EclipseProjects\Terrilla\lib\lwjgl\lwjgl-natives-windows\lwjgl-libdivide-natives-windows.jar;Z:\User\Documents\EclipseProjects\Terrilla\lib\lwjgl\lwjgl-natives-windows\lwjgl-llvm-natives-windows.jar;Z:\User\Documents\EclipseProjects\Terrilla\lib\lwjgl\lwjgl-natives-windows\lwjgl-lmdb-natives-windows.jar;Z:\User\Documents\EclipseProjects\Terrilla\lib\lwjgl\lwjgl-natives-windows\lwjgl-lz4-natives-windows.jar;Z:\User\Documents\EclipseProjects\Terrilla\lib\lwjgl\lwjgl-natives-windows\lwjgl-meow-natives-windows.jar;Z:\User\Documents\EclipseProjects\Terrilla\lib\lwjgl\lwjgl-natives-windows\lwjgl-nanovg-natives-windows.jar;Z:\User\Documents\EclipseProjects\Terrilla\lib\lwjgl\lwjgl-natives-windows\lwjgl-natives-windows.jar;Z:\User\Documents\EclipseProjects\Terrilla\lib\lwjgl\lwjgl-natives-windows\lwjgl-nfd-natives-windows.jar;Z:\User\Documents\EclipseProjects\Terrilla\lib\lwjgl\lwjgl-natives-windows\lwjgl-nuklear-natives-windows.jar;Z:\User\Documents\EclipseProjects\Terrilla\lib\lwjgl\lwjgl-natives-windows\lwjgl-openal-natives-windows.jar;Z:\User\Documents\EclipseProjects\Terrilla\lib\lwjgl\lwjgl-natives-windows\lwjgl-opengl-natives-windows.jar;Z:\User\Documents\EclipseProjects\Terrilla\lib\lwjgl\lwjgl-natives-windows\lwjgl-opengles-natives-windows.jar;Z:\User\Documents\EclipseProjects\Terrilla\lib\lwjgl\lwjgl-nativ
Launcher Type: SUN_STANDARD

Environment Variables:
JAVA_HOME=C:\Program Files\Java\jdk1.8.0_192
PATH=C:/Program Files/Java/jdk1.8.0_192/bin/../jre/bin/server;C:/Program Files/Java/jdk1.8.0_192/bin/../jre/bin;C:/Program Files/Java/jdk1.8.0_192/bin/../jre/lib/amd64;C:\Program Files\Oculus\Support\oculus-runtime;C:\Program Files\Microsoft MPI\Bin\;C:\Program Files\VanDyke Software\Clients\;C:\Windows\system32;C:\Windows;C:\Windows\System32\Wbem;C:\Windows\System32\WindowsPowerShell\v1.0\;C:\Program Files (x86)\NVIDIA Corporation\PhysX\Common;C:\Program Files\NVIDIA Corporation\NVIDIA NvDLISR;C:\WINDOWS\system32;C:\WINDOWS;C:\WINDOWS\System32\Wbem;C:\WINDOWS\System32\WindowsPowerShell\v1.0\;C:\WINDOWS\System32\OpenSSH\;C:\Program Files (x86)\Intel\Intel(R) Management Engine Components\DAL;C:\Program Files\Intel\Intel(R) Management Engine Components\DAL;C:\Program Files\dotnet\;C:\Program Files\Microsoft SQL Server\130\Tools\Binn\;C:\swftools\;C:\Program Files\Git\cmd;Z:\mingw-w64\x86_64-8.1.0-posix-seh-rt_v6-rev0\mingw64\bin;Z:\apache-maven-3.6.1\bin;C:\Program Files\Java\jdk1.8.0_192\bin;C:\WINDOWS\system32;C:\WINDOWS;C:\WINDOWS\System32\Wbem;C:\WINDOWS\System32\WindowsPowerShell\v1.0\;C:\WINDOWS\System32\OpenSSH\;Z:\Python27\;Z:\mingw-w64\x86_64-8.1.0-posix-seh-rt_v6-rev0\mingw64\x86_64-w64-mingw32\bin;Z:\steamcmd;C:\Users\Kyle Karnitz\AppData\Local\Programs\Python\Python37\Scripts\;C:\Users\Kyle Karnitz\AppData\Local\Programs\Python\Python37\;C:\Users\Kyle Karnitz\AppData\Local\Programs\Python\Python37-32\Scripts\;C:\Users\Kyle Karnitz\AppData\Local\Programs\Python\Python37-32\;C:\Users\Kyle Karnitz\AppData\Local\Microsoft\WindowsApps;C:\Users\Kyle Karnitz\AppData\Local\atom\bin;%USERPROFILE%\AppData\Local\Microsoft\WindowsApps;;C:\WINDOWS\system32;
USERNAME=Kyle Karnitz
OS=Windows_NT
PROCESSOR_IDENTIFIER=Intel64 Family 6 Model 158 Stepping 12, GenuineIntel



---------------  S Y S T E M  ---------------

OS: Windows 10.0 , 64 bit Build 18362 (10.0.18362.959)

CPU:total 8 (initial active 8) (8 cores per cpu, 1 threads per core) family 6 model 158 stepping 12, cmov, cx8, fxsr, mmx, sse, sse2, sse3, ssse3, sse4.1, sse4.2, popcnt, avx, avx2, aes, clmul, erms, rtm, 3dnowpref, lzcnt, tsc, tscinvbit, bmi1, bmi2, adx

Memory: 4k page, physical 33464776k(25970060k free), swap 41789012k(25336440k free)

vm_info: Java HotSpot(TM) 64-Bit Server VM (25.192-b12) for windows-amd64 JRE (1.8.0_192-b12), built on Oct  6 2018 17:12:23 by "java_re" with MS VC++ 10.0 (VS2010)

time: Fri Jul 24 00:51:12 2020
timezone: Eastern Daylight Time
elapsed time: 1 seconds (0d 0h 0m 1s)

